
> chatmud-client@1.0.0 build-web /Users/ghorthalon/code/chatmud-client
> parcel build ./js/main.js -d ./app --target=browser

â³  Building...

â³  Building main.js...
â³  Building chatmud.js...
â³  Building websockets.js...
â³  Building soundplayer.js...
â³  Building index.js...
â³  Building soundops.js...
â³  Building index.js...
â³  Building howler.js...
â³  Building index.js...
â³  Building sounds.json...
â³  Building url.js...
â³  Building manager.js...
â³  Building socket.js...
â³  Building browser.js...
â³  Building index.js...
â³  Building index.js...
â³  Building on.js...
â³  Building binary.js...
â³  Building is-buffer.js...
â³  Building index.js...
â³  Building index.js...
â³  Building index.js...
â³  Building index.js...
â³  Building index.js...
â³  Building browser.js...
â³  Building index.js...
â³  Building browser.js...
â³  Building index.js...
â³  Building index.js...
â³  Building index.js...
â³  Building debug.js...
ðŸš¨  /Users/ghorthalon/code/chatmud-client/js/chatmud.js:91:3: /Users/ghorthalon/code/chatmud-client/js/chatmud.js: "string" is read-only
  89 | 		this.output.add('Input history: ' + JSON.stringify(this.inputHistory.strings));
  90 | 		if (string == '') {
> 91 | 			string = this.inputHistory.getLastEntered();
     | 			^
  92 | 		} else if (string != this.inputHistory.getLastEntered()) {
  93 | 			this.inputHistory.add(string);
  94 | 		}
